2026-06-04 09:42:14,397 | WARNING | app.core.group_metadata | Could not fetch Facebook group metadata url=https://www.facebook.com/groups/letstalkabouthairbusiness error=Page.goto: net::ERR_ABORTED at https://www.facebook.com/groups/letstalkabouthairbusiness
Call log:
  - navigating to "https://www.facebook.com/groups/letstalkabouthairbusiness", waiting until "domcontentloaded"

2026-06-04 09:58:04,739 | INFO | apscheduler.scheduler | Adding job tentatively -- it will be properly scheduled when the scheduler starts
2026-06-04 09:58:04,742 | INFO | apscheduler.scheduler | Added job "start_scheduler.<locals>.job" to job store "default"
2026-06-04 09:58:04,746 | INFO | apscheduler.scheduler | Scheduler started
2026-06-04 09:58:04,750 | INFO | app.scheduler | Scheduler enabled interval=30 minutes
2026-06-04 09:59:43,518 | INFO | app.core.scanner | Scanning group=https://www.facebook.com/groups/HairExtensionInfo attempt=1 engine=playwright
2026-06-04 09:59:55,116 | ERROR | app.core.scanner | Group scan failed group=https://www.facebook.com/groups/HairExtensionInfo attempt=1 error=Facebook profile chưa đăng nhập hoặc session đã hết hạn. Gọi POST /api/v1/login/playwright hoặc chạy scripts/login_playwright.py để đăng nhập lại.
Traceback (most recent call last):
  File "/app/app/core/scanner.py", line 89, in scan
    raw_posts = scraper.scrape_group(group_url, max_scrolls, max_posts, self.settings.screenshot_dir)
                ^^^^^^^^^^^^^^^^^^^^^^^^^^^^^^^^^^^^^^^^^^^^^^^^^^^^^^^^^^^^^^^^^^^^^^^^^^^^^^^^^^^^^
  File "/app/app/browser/playwright_scraper.py", line 195, in scrape_group
    raise RuntimeError(
RuntimeError: Facebook profile chưa đăng nhập hoặc session đã hết hạn. Gọi POST /api/v1/login/playwright hoặc chạy scripts/login_playwright.py để đăng nhập lại.
2026-06-04 09:59:58,120 | INFO | app.core.scanner | Scanning group=https://www.facebook.com/groups/HairExtensionInfo attempt=2 engine=playwright
2026-06-04 10:00:09,662 | ERROR | app.core.scanner | Group scan failed group=https://www.facebook.com/groups/HairExtensionInfo attempt=2 error=Facebook profile chưa đăng nhập hoặc session đã hết hạn. Gọi POST /api/v1/login/playwright hoặc chạy scripts/login_playwright.py để đăng nhập lại.
Traceback (most recent call last):
  File "/app/app/core/scanner.py", line 89, in scan
    raw_posts = scraper.scrape_group(group_url, max_scrolls, max_posts, self.settings.screenshot_dir)
                ^^^^^^^^^^^^^^^^^^^^^^^^^^^^^^^^^^^^^^^^^^^^^^^^^^^^^^^^^^^^^^^^^^^^^^^^^^^^^^^^^^^^^
  File "/app/app/browser/playwright_scraper.py", line 195, in scrape_group
    raise RuntimeError(
RuntimeError: Facebook profile chưa đăng nhập hoặc session đã hết hạn. Gọi POST /api/v1/login/playwright hoặc chạy scripts/login_playwright.py để đăng nhập lại.
2026-06-04 10:00:12,664 | INFO | app.core.scanner | Scanning group=https://www.facebook.com/groups/HairExtensionInfo attempt=3 engine=playwright
2026-06-04 10:00:24,397 | ERROR | app.core.scanner | Group scan failed group=https://www.facebook.com/groups/HairExtensionInfo attempt=3 error=Facebook profile chưa đăng nhập hoặc session đã hết hạn. Gọi POST /api/v1/login/playwright hoặc chạy scripts/login_playwright.py để đăng nhập lại.
Traceback (most recent call last):
  File "/app/app/core/scanner.py", line 89, in scan
    raw_posts = scraper.scrape_group(group_url, max_scrolls, max_posts, self.settings.screenshot_dir)
                ^^^^^^^^^^^^^^^^^^^^^^^^^^^^^^^^^^^^^^^^^^^^^^^^^^^^^^^^^^^^^^^^^^^^^^^^^^^^^^^^^^^^^
  File "/app/app/browser/playwright_scraper.py", line 195, in scrape_group
    raise RuntimeError(
RuntimeError: Facebook profile chưa đăng nhập hoặc session đã hết hạn. Gọi POST /api/v1/login/playwright hoặc chạy scripts/login_playwright.py để đăng nhập lại.
2026-06-04 10:00:24,420 | INFO | app.core.scanner | Scanning group=https://www.facebook.com/groups/437714404803756 attempt=1 engine=playwright
2026-06-04 10:00:36,808 | ERROR | app.core.scanner | Group scan failed group=https://www.facebook.com/groups/437714404803756 attempt=1 error=Facebook profile chưa đăng nhập hoặc session đã hết hạn. Gọi POST /api/v1/login/playwright hoặc chạy scripts/login_playwright.py để đăng nhập lại.
Traceback (most recent call last):
  File "/app/app/core/scanner.py", line 89, in scan
    raw_posts = scraper.scrape_group(group_url, max_scrolls, max_posts, self.settings.screenshot_dir)
                ^^^^^^^^^^^^^^^^^^^^^^^^^^^^^^^^^^^^^^^^^^^^^^^^^^^^^^^^^^^^^^^^^^^^^^^^^^^^^^^^^^^^^
  File "/app/app/browser/playwright_scraper.py", line 195, in scrape_group
    raise RuntimeError(
RuntimeError: Facebook profile chưa đăng nhập hoặc session đã hết hạn. Gọi POST /api/v1/login/playwright hoặc chạy scripts/login_playwright.py để đăng nhập lại.
2026-06-04 10:00:39,804 | INFO | app.core.scanner | Scanning group=https://www.facebook.com/groups/437714404803756 attempt=2 engine=playwright
2026-06-04 10:00:51,814 | ERROR | app.core.scanner | Group scan failed group=https://www.facebook.com/groups/437714404803756 attempt=2 error=Facebook profile chưa đăng nhập hoặc session đã hết hạn. Gọi POST /api/v1/login/playwright hoặc chạy scripts/login_playwright.py để đăng nhập lại.
Traceback (most recent call last):
  File "/app/app/core/scanner.py", line 89, in scan
    raw_posts = scraper.scrape_group(group_url, max_scrolls, max_posts, self.settings.screenshot_dir)
                ^^^^^^^^^^^^^^^^^^^^^^^^^^^^^^^^^^^^^^^^^^^^^^^^^^^^^^^^^^^^^^^^^^^^^^^^^^^^^^^^^^^^^
  File "/app/app/browser/playwright_scraper.py", line 195, in scrape_group
    raise RuntimeError(
RuntimeError: Facebook profile chưa đăng nhập hoặc session đã hết hạn. Gọi POST /api/v1/login/playwright hoặc chạy scripts/login_playwright.py để đăng nhập lại.
2026-06-04 10:00:54,816 | INFO | app.core.scanner | Scanning group=https://www.facebook.com/groups/437714404803756 attempt=3 engine=playwright
2026-06-04 10:01:06,192 | ERROR | app.core.scanner | Group scan failed group=https://www.facebook.com/groups/437714404803756 attempt=3 error=Facebook profile chưa đăng nhập hoặc session đã hết hạn. Gọi POST /api/v1/login/playwright hoặc chạy scripts/login_playwright.py để đăng nhập lại.
Traceback (most recent call last):
  File "/app/app/core/scanner.py", line 89, in scan
    raw_posts = scraper.scrape_group(group_url, max_scrolls, max_posts, self.settings.screenshot_dir)
                ^^^^^^^^^^^^^^^^^^^^^^^^^^^^^^^^^^^^^^^^^^^^^^^^^^^^^^^^^^^^^^^^^^^^^^^^^^^^^^^^^^^^^
  File "/app/app/browser/playwright_scraper.py", line 195, in scrape_group
    raise RuntimeError(
RuntimeError: Facebook profile chưa đăng nhập hoặc session đã hết hạn. Gọi POST /api/v1/login/playwright hoặc chạy scripts/login_playwright.py để đăng nhập lại.
2026-06-04 10:01:06,204 | INFO | app.core.scanner | Scanning group=https://www.facebook.com/groups/870295893056751 attempt=1 engine=playwright
2026-06-04 10:01:17,401 | ERROR | app.core.scanner | Group scan failed group=https://www.facebook.com/groups/870295893056751 attempt=1 error=Facebook profile chưa đăng nhập hoặc session đã hết hạn. Gọi POST /api/v1/login/playwright hoặc chạy scripts/login_playwright.py để đăng nhập lại.
Traceback (most recent call last):
  File "/app/app/core/scanner.py", line 89, in scan
    raw_posts = scraper.scrape_group(group_url, max_scrolls, max_posts, self.settings.screenshot_dir)
                ^^^^^^^^^^^^^^^^^^^^^^^^^^^^^^^^^^^^^^^^^^^^^^^^^^^^^^^^^^^^^^^^^^^^^^^^^^^^^^^^^^^^^
  File "/app/app/browser/playwright_scraper.py", line 195, in scrape_group
    raise RuntimeError(
RuntimeError: Facebook profile chưa đăng nhập hoặc session đã hết hạn. Gọi POST /api/v1/login/playwright hoặc chạy scripts/login_playwright.py để đăng nhập lại.
2026-06-04 10:01:20,403 | INFO | app.core.scanner | Scanning group=https://www.facebook.com/groups/870295893056751 attempt=2 engine=playwright
2026-06-04 10:01:32,227 | ERROR | app.core.scanner | Group scan failed group=https://www.facebook.com/groups/870295893056751 attempt=2 error=Facebook profile chưa đăng nhập hoặc session đã hết hạn. Gọi POST /api/v1/login/playwright hoặc chạy scripts/login_playwright.py để đăng nhập lại.
Traceback (most recent call last):
  File "/app/app/core/scanner.py", line 89, in scan
    raw_posts = scraper.scrape_group(group_url, max_scrolls, max_posts, self.settings.screenshot_dir)
                ^^^^^^^^^^^^^^^^^^^^^^^^^^^^^^^^^^^^^^^^^^^^^^^^^^^^^^^^^^^^^^^^^^^^^^^^^^^^^^^^^^^^^
  File "/app/app/browser/playwright_scraper.py", line 195, in scrape_group
    raise RuntimeError(
RuntimeError: Facebook profile chưa đăng nhập hoặc session đã hết hạn. Gọi POST /api/v1/login/playwright hoặc chạy scripts/login_playwright.py để đăng nhập lại.
2026-06-04 10:01:35,230 | INFO | app.core.scanner | Scanning group=https://www.facebook.com/groups/870295893056751 attempt=3 engine=playwright
2026-06-04 10:01:48,187 | ERROR | app.core.scanner | Group scan failed group=https://www.facebook.com/groups/870295893056751 attempt=3 error=Facebook profile chưa đăng nhập hoặc session đã hết hạn. Gọi POST /api/v1/login/playwright hoặc chạy scripts/login_playwright.py để đăng nhập lại.
Traceback (most recent call last):
  File "/app/app/core/scanner.py", line 89, in scan
    raw_posts = scraper.scrape_group(group_url, max_scrolls, max_posts, self.settings.screenshot_dir)
                ^^^^^^^^^^^^^^^^^^^^^^^^^^^^^^^^^^^^^^^^^^^^^^^^^^^^^^^^^^^^^^^^^^^^^^^^^^^^^^^^^^^^^
  File "/app/app/browser/playwright_scraper.py", line 195, in scrape_group
    raise RuntimeError(
RuntimeError: Facebook profile chưa đăng nhập hoặc session đã hết hạn. Gọi POST /api/v1/login/playwright hoặc chạy scripts/login_playwright.py để đăng nhập lại.
2026-06-04 10:01:48,200 | INFO | app.core.scanner | Scanning group=https://www.facebook.com/groups/1947909325441597 attempt=1 engine=playwright
2026-06-04 10:02:00,034 | ERROR | app.core.scanner | Group scan failed group=https://www.facebook.com/groups/1947909325441597 attempt=1 error=Facebook profile chưa đăng nhập hoặc session đã hết hạn. Gọi POST /api/v1/login/playwright hoặc chạy scripts/login_playwright.py để đăng nhập lại.
Traceback (most recent call last):
  File "/app/app/core/scanner.py", line 89, in scan
    raw_posts = scraper.scrape_group(group_url, max_scrolls, max_posts, self.settings.screenshot_dir)
                ^^^^^^^^^^^^^^^^^^^^^^^^^^^^^^^^^^^^^^^^^^^^^^^^^^^^^^^^^^^^^^^^^^^^^^^^^^^^^^^^^^^^^
  File "/app/app/browser/playwright_scraper.py", line 195, in scrape_group
    raise RuntimeError(
RuntimeError: Facebook profile chưa đăng nhập hoặc session đã hết hạn. Gọi POST /api/v1/login/playwright hoặc chạy scripts/login_playwright.py để đăng nhập lại.
2026-06-04 10:02:03,037 | INFO | app.core.scanner | Scanning group=https://www.facebook.com/groups/1947909325441597 attempt=2 engine=playwright
2026-06-04 10:02:15,571 | ERROR | app.core.scanner | Group scan failed group=https://www.facebook.com/groups/1947909325441597 attempt=2 error=Facebook profile chưa đăng nhập hoặc session đã hết hạn. Gọi POST /api/v1/login/playwright hoặc chạy scripts/login_playwright.py để đăng nhập lại.
Traceback (most recent call last):
  File "/app/app/core/scanner.py", line 89, in scan
    raw_posts = scraper.scrape_group(group_url, max_scrolls, max_posts, self.settings.screenshot_dir)
                ^^^^^^^^^^^^^^^^^^^^^^^^^^^^^^^^^^^^^^^^^^^^^^^^^^^^^^^^^^^^^^^^^^^^^^^^^^^^^^^^^^^^^
  File "/app/app/browser/playwright_scraper.py", line 195, in scrape_group
    raise RuntimeError(
RuntimeError: Facebook profile chưa đăng nhập hoặc session đã hết hạn. Gọi POST /api/v1/login/playwright hoặc chạy scripts/login_playwright.py để đăng nhập lại.
2026-06-04 10:02:18,574 | INFO | app.core.scanner | Scanning group=https://www.facebook.com/groups/1947909325441597 attempt=3 engine=playwright
2026-06-04 10:02:30,840 | ERROR | app.core.scanner | Group scan failed group=https://www.facebook.com/groups/1947909325441597 attempt=3 error=Facebook profile chưa đăng nhập hoặc session đã hết hạn. Gọi POST /api/v1/login/playwright hoặc chạy scripts/login_playwright.py để đăng nhập lại.
Traceback (most recent call last):
  File "/app/app/core/scanner.py", line 89, in scan
    raw_posts = scraper.scrape_group(group_url, max_scrolls, max_posts, self.settings.screenshot_dir)
                ^^^^^^^^^^^^^^^^^^^^^^^^^^^^^^^^^^^^^^^^^^^^^^^^^^^^^^^^^^^^^^^^^^^^^^^^^^^^^^^^^^^^^
  File "/app/app/browser/playwright_scraper.py", line 195, in scrape_group
    raise RuntimeError(
RuntimeError: Facebook profile chưa đăng nhập hoặc session đã hết hạn. Gọi POST /api/v1/login/playwright hoặc chạy scripts/login_playwright.py để đăng nhập lại.
2026-06-04 10:02:30,849 | INFO | app.core.scanner | Scanning group=https://www.facebook.com/groups/614277136963761 attempt=1 engine=playwright
2026-06-04 10:02:42,621 | ERROR | app.core.scanner | Group scan failed group=https://www.facebook.com/groups/614277136963761 attempt=1 error=Facebook profile chưa đăng nhập hoặc session đã hết hạn. Gọi POST /api/v1/login/playwright hoặc chạy scripts/login_playwright.py để đăng nhập lại.
Traceback (most recent call last):
  File "/app/app/core/scanner.py", line 89, in scan
    raw_posts = scraper.scrape_group(group_url, max_scrolls, max_posts, self.settings.screenshot_dir)
                ^^^^^^^^^^^^^^^^^^^^^^^^^^^^^^^^^^^^^^^^^^^^^^^^^^^^^^^^^^^^^^^^^^^^^^^^^^^^^^^^^^^^^
  File "/app/app/browser/playwright_scraper.py", line 195, in scrape_group
    raise RuntimeError(
RuntimeError: Facebook profile chưa đăng nhập hoặc session đã hết hạn. Gọi POST /api/v1/login/playwright hoặc chạy scripts/login_playwright.py để đăng nhập lại.
2026-06-04 10:02:45,624 | INFO | app.core.scanner | Scanning group=https://www.facebook.com/groups/614277136963761 attempt=2 engine=playwright
2026-06-04 10:02:57,906 | ERROR | app.core.scanner | Group scan failed group=https://www.facebook.com/groups/614277136963761 attempt=2 error=Facebook profile chưa đăng nhập hoặc session đã hết hạn. Gọi POST /api/v1/login/playwright hoặc chạy scripts/login_playwright.py để đăng nhập lại.
Traceback (most recent call last):
  File "/app/app/core/scanner.py", line 89, in scan
    raw_posts = scraper.scrape_group(group_url, max_scrolls, max_posts, self.settings.screenshot_dir)
                ^^^^^^^^^^^^^^^^^^^^^^^^^^^^^^^^^^^^^^^^^^^^^^^^^^^^^^^^^^^^^^^^^^^^^^^^^^^^^^^^^^^^^
  File "/app/app/browser/playwright_scraper.py", line 195, in scrape_group
    raise RuntimeError(
RuntimeError: Facebook profile chưa đăng nhập hoặc session đã hết hạn. Gọi POST /api/v1/login/playwright hoặc chạy scripts/login_playwright.py để đăng nhập lại.
2026-06-04 10:03:00,908 | INFO | app.core.scanner | Scanning group=https://www.facebook.com/groups/614277136963761 attempt=3 engine=playwright
2026-06-04 10:03:15,110 | ERROR | app.core.scanner | Group scan failed group=https://www.facebook.com/groups/614277136963761 attempt=3 error=Facebook profile chưa đăng nhập hoặc session đã hết hạn. Gọi POST /api/v1/login/playwright hoặc chạy scripts/login_playwright.py để đăng nhập lại.
Traceback (most recent call last):
  File "/app/app/core/scanner.py", line 89, in scan
    raw_posts = scraper.scrape_group(group_url, max_scrolls, max_posts, self.settings.screenshot_dir)
                ^^^^^^^^^^^^^^^^^^^^^^^^^^^^^^^^^^^^^^^^^^^^^^^^^^^^^^^^^^^^^^^^^^^^^^^^^^^^^^^^^^^^^
  File "/app/app/browser/playwright_scraper.py", line 195, in scrape_group
    raise RuntimeError(
RuntimeError: Facebook profile chưa đăng nhập hoặc session đã hết hạn. Gọi POST /api/v1/login/playwright hoặc chạy scripts/login_playwright.py để đăng nhập lại.
2026-06-04 10:03:15,120 | INFO | app.core.scanner | Scanning group=https://www.facebook.com/groups/411878060061148 attempt=1 engine=playwright
2026-06-04 10:03:27,337 | ERROR | app.core.scanner | Group scan failed group=https://www.facebook.com/groups/411878060061148 attempt=1 error=Facebook profile chưa đăng nhập hoặc session đã hết hạn. Gọi POST /api/v1/login/playwright hoặc chạy scripts/login_playwright.py để đăng nhập lại.
Traceback (most recent call last):
  File "/app/app/core/scanner.py", line 89, in scan
    raw_posts = scraper.scrape_group(group_url, max_scrolls, max_posts, self.settings.screenshot_dir)
                ^^^^^^^^^^^^^^^^^^^^^^^^^^^^^^^^^^^^^^^^^^^^^^^^^^^^^^^^^^^^^^^^^^^^^^^^^^^^^^^^^^^^^
  File "/app/app/browser/playwright_scraper.py", line 195, in scrape_group
    raise RuntimeError(
RuntimeError: Facebook profile chưa đăng nhập hoặc session đã hết hạn. Gọi POST /api/v1/login/playwright hoặc chạy scripts/login_playwright.py để đăng nhập lại.
2026-06-04 10:03:30,339 | INFO | app.core.scanner | Scanning group=https://www.facebook.com/groups/411878060061148 attempt=2 engine=playwright
2026-06-04 10:03:42,956 | ERROR | app.core.scanner | Group scan failed group=https://www.facebook.com/groups/411878060061148 attempt=2 error=Facebook profile chưa đăng nhập hoặc session đã hết hạn. Gọi POST /api/v1/login/playwright hoặc chạy scripts/login_playwright.py để đăng nhập lại.
Traceback (most recent call last):
  File "/app/app/core/scanner.py", line 89, in scan
    raw_posts = scraper.scrape_group(group_url, max_scrolls, max_posts, self.settings.screenshot_dir)
                ^^^^^^^^^^^^^^^^^^^^^^^^^^^^^^^^^^^^^^^^^^^^^^^^^^^^^^^^^^^^^^^^^^^^^^^^^^^^^^^^^^^^^
  File "/app/app/browser/playwright_scraper.py", line 195, in scrape_group
    raise RuntimeError(
RuntimeError: Facebook profile chưa đăng nhập hoặc session đã hết hạn. Gọi POST /api/v1/login/playwright hoặc chạy scripts/login_playwright.py để đăng nhập lại.
2026-06-04 10:03:45,959 | INFO | app.core.scanner | Scanning group=https://www.facebook.com/groups/411878060061148 attempt=3 engine=playwright
2026-06-04 10:03:57,363 | ERROR | app.core.scanner | Group scan failed group=https://www.facebook.com/groups/411878060061148 attempt=3 error=Facebook profile chưa đăng nhập hoặc session đã hết hạn. Gọi POST /api/v1/login/playwright hoặc chạy scripts/login_playwright.py để đăng nhập lại.
Traceback (most recent call last):
  File "/app/app/core/scanner.py", line 89, in scan
    raw_posts = scraper.scrape_group(group_url, max_scrolls, max_posts, self.settings.screenshot_dir)
                ^^^^^^^^^^^^^^^^^^^^^^^^^^^^^^^^^^^^^^^^^^^^^^^^^^^^^^^^^^^^^^^^^^^^^^^^^^^^^^^^^^^^^
  File "/app/app/browser/playwright_scraper.py", line 195, in scrape_group
    raise RuntimeError(
RuntimeError: Facebook profile chưa đăng nhập hoặc session đã hết hạn. Gọi POST /api/v1/login/playwright hoặc chạy scripts/login_playwright.py để đăng nhập lại.
2026-06-04 10:03:57,372 | INFO | app.core.scanner | Scanning group=https://www.facebook.com/groups/310070126458109 attempt=1 engine=playwright
2026-06-04 10:04:07,191 | ERROR | app.core.scanner | Group scan failed group=https://www.facebook.com/groups/310070126458109 attempt=1 error=Facebook profile chưa đăng nhập hoặc session đã hết hạn. Gọi POST /api/v1/login/playwright hoặc chạy scripts/login_playwright.py để đăng nhập lại.
Traceback (most recent call last):
  File "/app/app/core/scanner.py", line 89, in scan
    raw_posts = scraper.scrape_group(group_url, max_scrolls, max_posts, self.settings.screenshot_dir)
                ^^^^^^^^^^^^^^^^^^^^^^^^^^^^^^^^^^^^^^^^^^^^^^^^^^^^^^^^^^^^^^^^^^^^^^^^^^^^^^^^^^^^^
  File "/app/app/browser/playwright_scraper.py", line 195, in scrape_group
    raise RuntimeError(
RuntimeError: Facebook profile chưa đăng nhập hoặc session đã hết hạn. Gọi POST /api/v1/login/playwright hoặc chạy scripts/login_playwright.py để đăng nhập lại.
2026-06-04 10:04:10,184 | INFO | app.core.scanner | Scanning group=https://www.facebook.com/groups/310070126458109 attempt=2 engine=playwright
2026-06-04 10:04:19,934 | ERROR | app.core.scanner | Group scan failed group=https://www.facebook.com/groups/310070126458109 attempt=2 error=Facebook profile chưa đăng nhập hoặc session đã hết hạn. Gọi POST /api/v1/login/playwright hoặc chạy scripts/login_playwright.py để đăng nhập lại.
Traceback (most recent call last):
  File "/app/app/core/scanner.py", line 89, in scan
    raw_posts = scraper.scrape_group(group_url, max_scrolls, max_posts, self.settings.screenshot_dir)
                ^^^^^^^^^^^^^^^^^^^^^^^^^^^^^^^^^^^^^^^^^^^^^^^^^^^^^^^^^^^^^^^^^^^^^^^^^^^^^^^^^^^^^
  File "/app/app/browser/playwright_scraper.py", line 195, in scrape_group
    raise RuntimeError(
RuntimeError: Facebook profile chưa đăng nhập hoặc session đã hết hạn. Gọi POST /api/v1/login/playwright hoặc chạy scripts/login_playwright.py để đăng nhập lại.
2026-06-04 10:04:22,936 | INFO | app.core.scanner | Scanning group=https://www.facebook.com/groups/310070126458109 attempt=3 engine=playwright
2026-06-04 10:04:32,657 | ERROR | app.core.scanner | Group scan failed group=https://www.facebook.com/groups/310070126458109 attempt=3 error=Facebook profile chưa đăng nhập hoặc session đã hết hạn. Gọi POST /api/v1/login/playwright hoặc chạy scripts/login_playwright.py để đăng nhập lại.
Traceback (most recent call last):
  File "/app/app/core/scanner.py", line 89, in scan
    raw_posts = scraper.scrape_group(group_url, max_scrolls, max_posts, self.settings.screenshot_dir)
                ^^^^^^^^^^^^^^^^^^^^^^^^^^^^^^^^^^^^^^^^^^^^^^^^^^^^^^^^^^^^^^^^^^^^^^^^^^^^^^^^^^^^^
  File "/app/app/browser/playwright_scraper.py", line 195, in scrape_group
    raise RuntimeError(
RuntimeError: Facebook profile chưa đăng nhập hoặc session đã hết hạn. Gọi POST /api/v1/login/playwright hoặc chạy scripts/login_playwright.py để đăng nhập lại.
2026-06-04 10:04:32,666 | INFO | app.core.scanner | Scanning group=https://www.facebook.com/groups/letstalkabouthairbusiness attempt=1 engine=playwright
2026-06-04 10:04:43,465 | ERROR | app.core.scanner | Group scan failed group=https://www.facebook.com/groups/letstalkabouthairbusiness attempt=1 error=Facebook profile chưa đăng nhập hoặc session đã hết hạn. Gọi POST /api/v1/login/playwright hoặc chạy scripts/login_playwright.py để đăng nhập lại.
Traceback (most recent call last):
  File "/app/app/core/scanner.py", line 89, in scan
    raw_posts = scraper.scrape_group(group_url, max_scrolls, max_posts, self.settings.screenshot_dir)
                ^^^^^^^^^^^^^^^^^^^^^^^^^^^^^^^^^^^^^^^^^^^^^^^^^^^^^^^^^^^^^^^^^^^^^^^^^^^^^^^^^^^^^
  File "/app/app/browser/playwright_scraper.py", line 195, in scrape_group
    raise RuntimeError(
RuntimeError: Facebook profile chưa đăng nhập hoặc session đã hết hạn. Gọi POST /api/v1/login/playwright hoặc chạy scripts/login_playwright.py để đăng nhập lại.
2026-06-04 10:04:46,468 | INFO | app.core.scanner | Scanning group=https://www.facebook.com/groups/letstalkabouthairbusiness attempt=2 engine=playwright
2026-06-04 10:04:56,870 | ERROR | app.core.scanner | Group scan failed group=https://www.facebook.com/groups/letstalkabouthairbusiness attempt=2 error=Facebook profile chưa đăng nhập hoặc session đã hết hạn. Gọi POST /api/v1/login/playwright hoặc chạy scripts/login_playwright.py để đăng nhập lại.
Traceback (most recent call last):
  File "/app/app/core/scanner.py", line 89, in scan
    raw_posts = scraper.scrape_group(group_url, max_scrolls, max_posts, self.settings.screenshot_dir)
                ^^^^^^^^^^^^^^^^^^^^^^^^^^^^^^^^^^^^^^^^^^^^^^^^^^^^^^^^^^^^^^^^^^^^^^^^^^^^^^^^^^^^^
  File "/app/app/browser/playwright_scraper.py", line 195, in scrape_group
    raise RuntimeError(
RuntimeError: Facebook profile chưa đăng nhập hoặc session đã hết hạn. Gọi POST /api/v1/login/playwright hoặc chạy scripts/login_playwright.py để đăng nhập lại.
2026-06-04 10:04:59,873 | INFO | app.core.scanner | Scanning group=https://www.facebook.com/groups/letstalkabouthairbusiness attempt=3 engine=playwright
2026-06-04 10:05:10,508 | ERROR | app.core.scanner | Group scan failed group=https://www.facebook.com/groups/letstalkabouthairbusiness attempt=3 error=Facebook profile chưa đăng nhập hoặc session đã hết hạn. Gọi POST /api/v1/login/playwright hoặc chạy scripts/login_playwright.py để đăng nhập lại.
Traceback (most recent call last):
  File "/app/app/core/scanner.py", line 89, in scan
    raw_posts = scraper.scrape_group(group_url, max_scrolls, max_posts, self.settings.screenshot_dir)
                ^^^^^^^^^^^^^^^^^^^^^^^^^^^^^^^^^^^^^^^^^^^^^^^^^^^^^^^^^^^^^^^^^^^^^^^^^^^^^^^^^^^^^
  File "/app/app/browser/playwright_scraper.py", line 195, in scrape_group
    raise RuntimeError(
RuntimeError: Facebook profile chưa đăng nhập hoặc session đã hết hạn. Gọi POST /api/v1/login/playwright hoặc chạy scripts/login_playwright.py để đăng nhập lại.
2026-06-04 10:05:10,520 | INFO | app.core.scanner | Scanning group=https://www.facebook.com/groups/359062993263324 attempt=1 engine=playwright
2026-06-04 10:05:22,197 | ERROR | app.core.scanner | Group scan failed group=https://www.facebook.com/groups/359062993263324 attempt=1 error=Facebook profile chưa đăng nhập hoặc session đã hết hạn. Gọi POST /api/v1/login/playwright hoặc chạy scripts/login_playwright.py để đăng nhập lại.
Traceback (most recent call last):
  File "/app/app/core/scanner.py", line 89, in scan
    raw_posts = scraper.scrape_group(group_url, max_scrolls, max_posts, self.settings.screenshot_dir)
                ^^^^^^^^^^^^^^^^^^^^^^^^^^^^^^^^^^^^^^^^^^^^^^^^^^^^^^^^^^^^^^^^^^^^^^^^^^^^^^^^^^^^^
  File "/app/app/browser/playwright_scraper.py", line 195, in scrape_group
    raise RuntimeError(
RuntimeError: Facebook profile chưa đăng nhập hoặc session đã hết hạn. Gọi POST /api/v1/login/playwright hoặc chạy scripts/login_playwright.py để đăng nhập lại.
2026-06-04 10:05:25,201 | INFO | app.core.scanner | Scanning group=https://www.facebook.com/groups/359062993263324 attempt=2 engine=playwright
2026-06-04 10:05:36,915 | ERROR | app.core.scanner | Group scan failed group=https://www.facebook.com/groups/359062993263324 attempt=2 error=Facebook profile chưa đăng nhập hoặc session đã hết hạn. Gọi POST /api/v1/login/playwright hoặc chạy scripts/login_playwright.py để đăng nhập lại.
Traceback (most recent call last):
  File "/app/app/core/scanner.py", line 89, in scan
    raw_posts = scraper.scrape_group(group_url, max_scrolls, max_posts, self.settings.screenshot_dir)
                ^^^^^^^^^^^^^^^^^^^^^^^^^^^^^^^^^^^^^^^^^^^^^^^^^^^^^^^^^^^^^^^^^^^^^^^^^^^^^^^^^^^^^
  File "/app/app/browser/playwright_scraper.py", line 195, in scrape_group
    raise RuntimeError(
RuntimeError: Facebook profile chưa đăng nhập hoặc session đã hết hạn. Gọi POST /api/v1/login/playwright hoặc chạy scripts/login_playwright.py để đăng nhập lại.
2026-06-04 10:05:39,911 | INFO | app.core.scanner | Scanning group=https://www.facebook.com/groups/359062993263324 attempt=3 engine=playwright
2026-06-04 10:05:53,192 | ERROR | app.core.scanner | Group scan failed group=https://www.facebook.com/groups/359062993263324 attempt=3 error=Facebook profile chưa đăng nhập hoặc session đã hết hạn. Gọi POST /api/v1/login/playwright hoặc chạy scripts/login_playwright.py để đăng nhập lại.
Traceback (most recent call last):
  File "/app/app/core/scanner.py", line 89, in scan
    raw_posts = scraper.scrape_group(group_url, max_scrolls, max_posts, self.settings.screenshot_dir)
                ^^^^^^^^^^^^^^^^^^^^^^^^^^^^^^^^^^^^^^^^^^^^^^^^^^^^^^^^^^^^^^^^^^^^^^^^^^^^^^^^^^^^^
  File "/app/app/browser/playwright_scraper.py", line 195, in scrape_group
    raise RuntimeError(
RuntimeError: Facebook profile chưa đăng nhập hoặc session đã hết hạn. Gọi POST /api/v1/login/playwright hoặc chạy scripts/login_playwright.py để đăng nhập lại.
2026-06-04 10:05:53,199 | INFO | app.core.scanner | Scanning group=https://www.facebook.com/groups/857350812514099 attempt=1 engine=playwright
2026-06-04 10:06:04,085 | ERROR | app.core.scanner | Group scan failed group=https://www.facebook.com/groups/857350812514099 attempt=1 error=Facebook profile chưa đăng nhập hoặc session đã hết hạn. Gọi POST /api/v1/login/playwright hoặc chạy scripts/login_playwright.py để đăng nhập lại.
Traceback (most recent call last):
  File "/app/app/core/scanner.py", line 89, in scan
    raw_posts = scraper.scrape_group(group_url, max_scrolls, max_posts, self.settings.screenshot_dir)
                ^^^^^^^^^^^^^^^^^^^^^^^^^^^^^^^^^^^^^^^^^^^^^^^^^^^^^^^^^^^^^^^^^^^^^^^^^^^^^^^^^^^^^
  File "/app/app/browser/playwright_scraper.py", line 195, in scrape_group
    raise RuntimeError(
RuntimeError: Facebook profile chưa đăng nhập hoặc session đã hết hạn. Gọi POST /api/v1/login/playwright hoặc chạy scripts/login_playwright.py để đăng nhập lại.
2026-06-04 10:06:07,089 | INFO | app.core.scanner | Scanning group=https://www.facebook.com/groups/857350812514099 attempt=2 engine=playwright
2026-06-04 10:06:17,695 | ERROR | app.core.scanner | Group scan failed group=https://www.facebook.com/groups/857350812514099 attempt=2 error=Facebook profile chưa đăng nhập hoặc session đã hết hạn. Gọi POST /api/v1/login/playwright hoặc chạy scripts/login_playwright.py để đăng nhập lại.
Traceback (most recent call last):
  File "/app/app/core/scanner.py", line 89, in scan
    raw_posts = scraper.scrape_group(group_url, max_scrolls, max_posts, self.settings.screenshot_dir)
                ^^^^^^^^^^^^^^^^^^^^^^^^^^^^^^^^^^^^^^^^^^^^^^^^^^^^^^^^^^^^^^^^^^^^^^^^^^^^^^^^^^^^^
  File "/app/app/browser/playwright_scraper.py", line 195, in scrape_group
    raise RuntimeError(
RuntimeError: Facebook profile chưa đăng nhập hoặc session đã hết hạn. Gọi POST /api/v1/login/playwright hoặc chạy scripts/login_playwright.py để đăng nhập lại.
2026-06-04 10:06:20,699 | INFO | app.core.scanner | Scanning group=https://www.facebook.com/groups/857350812514099 attempt=3 engine=playwright
2026-06-04 10:06:31,103 | ERROR | app.core.scanner | Group scan failed group=https://www.facebook.com/groups/857350812514099 attempt=3 error=Facebook profile chưa đăng nhập hoặc session đã hết hạn. Gọi POST /api/v1/login/playwright hoặc chạy scripts/login_playwright.py để đăng nhập lại.
Traceback (most recent call last):
  File "/app/app/core/scanner.py", line 89, in scan
    raw_posts = scraper.scrape_group(group_url, max_scrolls, max_posts, self.settings.screenshot_dir)
                ^^^^^^^^^^^^^^^^^^^^^^^^^^^^^^^^^^^^^^^^^^^^^^^^^^^^^^^^^^^^^^^^^^^^^^^^^^^^^^^^^^^^^
  File "/app/app/browser/playwright_scraper.py", line 195, in scrape_group
    raise RuntimeError(
RuntimeError: Facebook profile chưa đăng nhập hoặc session đã hết hạn. Gọi POST /api/v1/login/playwright hoặc chạy scripts/login_playwright.py để đăng nhập lại.
2026-06-04 10:15:52,172 | INFO | apscheduler.scheduler | Scheduler has been shut down
2026-06-04 10:15:57,030 | INFO | apscheduler.scheduler | Adding job tentatively -- it will be properly scheduled when the scheduler starts
2026-06-04 10:15:57,033 | INFO | apscheduler.scheduler | Added job "start_scheduler.<locals>.job" to job store "default"
2026-06-04 10:15:57,034 | INFO | apscheduler.scheduler | Scheduler started
2026-06-04 10:15:57,036 | INFO | app.scheduler | Scheduler enabled interval=30 minutes
2026-06-06 10:29:52,318 | INFO | apscheduler.scheduler | Adding job tentatively -- it will be properly scheduled when the scheduler starts
2026-06-06 10:29:52,321 | INFO | apscheduler.scheduler | Added job "start_scheduler.<locals>.job" to job store "default"
2026-06-06 10:29:52,323 | INFO | apscheduler.scheduler | Scheduler started
2026-06-06 10:29:52,325 | INFO | app.scheduler | Scheduler enabled interval=30 minutes
2026-06-06 10:29:56,848 | INFO | apscheduler.scheduler | Scheduler has been shut down
2026-06-06 15:45:24,926 | INFO | apscheduler.scheduler | Adding job tentatively -- it will be properly scheduled when the scheduler starts
2026-06-06 15:45:24,929 | INFO | apscheduler.scheduler | Added job "start_scheduler.<locals>.job" to job store "default"
2026-06-06 15:45:24,931 | INFO | apscheduler.scheduler | Scheduler started
2026-06-06 15:45:24,933 | INFO | app.scheduler | Scheduler enabled interval=30 minutes
2026-06-06 15:46:38,714 | INFO | apscheduler.scheduler | Scheduler has been shut down
